<?xml version="1.0" encoding="UTF-8"?>
<testsuite xmlns:xsi="http://www.w3.org/2001/XMLSchema-instance" xsi:noNamespaceSchemaLocation="https://maven.apache.org/surefire/maven-surefire-plugin/xsd/surefire-test-report-3.0.xsd" version="3.0" name="org.phasetwo.mavenproject.org.phasetwo.mavenproject.UnitTest" time="0.26" tests="7" errors="0" skipped="0" failures="0">
  <properties>
[...]
</properties>
  <testcase name="testPrintCurrentPosition" classname="org.phasetwo.mavenproject.org.phasetwo.mavenproject.UnitTest" time="0.128">
    <system-out><![CDATA[Position: 0, 3 - Pen: down - Facing: north

]]></system-out>
  </testcase>
  <testcase name="testturn_Left" classname="org.phasetwo.mavenproject.org.phasetwo.mavenproject.UnitTest" time="0.002"/>
  <testcase name="testMove" classname="org.phasetwo.mavenproject.org.phasetwo.mavenproject.UnitTest" time="0.002"/>
  <testcase name="testPrintBoard" classname="org.phasetwo.mavenproject.org.phasetwo.mavenproject.UnitTest" time="0.003">
    <system-out><![CDATA[ 2 * *   
 1 *     
 0       
    0 1 2
]]></system-out>
  </testcase>
  <testcase name="testInitializeSystem" classname="org.phasetwo.mavenproject.org.phasetwo.mavenproject.UnitTest" time="0.003"/>
  <testcase name="testSetPenDown" classname="org.phasetwo.mavenproject.org.phasetwo.mavenproject.UnitTest" time="0.003"/>
  <testcase name="testturn_Right" classname="org.phasetwo.mavenproject.org.phasetwo.mavenproject.UnitTest" time="0.002"/>
</testsuite>